<?xml version="1.0" encoding="UTF-8"?>
<!-- Generated by org.testng.reporters.JUnitReportReporter -->
<testsuite hostname="sandhiya" failures="0" tests="3" name="tests.SubmitOrderTest" time="18.555" errors="0" timestamp="2024-06-27T16:02:29 IST" skipped="0">
  <testcase classname="tests.SubmitOrderTest" name="submitOrder" time="5.916"/>
  <testcase classname="tests.SubmitOrderTest" name="submitOrder" time="7.377"/>
  <testcase classname="tests.SubmitOrderTest" name="orderHistoryTest" time="5.262"/>
</testsuite> <!-- tests.SubmitOrderTest -->
