<?xml version="1.0" encoding="UTF-8"?>
<!-- Generated by org.testng.reporters.JUnitReportReporter -->
<testsuite hostname="sandhiya" failures="0" tests="3" name="tests.SubmitOrderTest" time="17.080" errors="0" timestamp="2024-06-27T16:04:01 IST" skipped="0">
  <testcase classname="tests.SubmitOrderTest" name="submitOrder" time="7.773"/>
  <testcase classname="tests.SubmitOrderTest" name="submitOrder" time="5.670"/>
  <testcase classname="tests.SubmitOrderTest" name="orderHistoryTest" time="3.637"/>
</testsuite> <!-- tests.SubmitOrderTest -->
